<?xml version="1.0" encoding="UTF-8"?>
<coverage generated="1547591963071" clover="3.2.0">
  <project timestamp="1547591963072" name="All files">
    <metrics statements="65" coveredstatements="64" conditionals="47" coveredconditionals="44" methods="12" coveredmethods="12" elements="124" coveredelements="120" complexity="0" loc="65" ncloc="65" packages="1" files="2" classes="2">
      <file name="index.ts" path="/home/tclain/perso/jerry/subje-1/src/index.ts">
        <metrics statements="55" coveredstatements="54" conditionals="42" coveredconditionals="39" methods="7" coveredmethods="7"/>
        <line num="1" count="1" type="stmt"/>
        <line num="8" count="1" type="stmt"/>
        <line num="10" count="1" type="cond" truecount="1" falsecount="0"/>
        <line num="11" count="1" type="cond" truecount="1" falsecount="0"/>
        <line num="12" count="1" type="cond" truecount="1" falsecount="0"/>
        <line num="18" count="1" type="stmt"/>
        <line num="19" count="6" type="stmt"/>
        <line num="26" count="1" type="stmt"/>
        <line num="27" count="4" type="stmt"/>
        <line num="30" count="1" type="stmt"/>
        <line num="32" count="10" type="cond" truecount="1" falsecount="1"/>
        <line num="33" count="10" type="cond" truecount="2" falsecount="0"/>
        <line num="34" count="8" type="stmt"/>
        <line num="36" count="8" type="cond" truecount="4" falsecount="0"/>
        <line num="37" count="1" type="stmt"/>
        <line num="39" count="8" type="cond" truecount="4" falsecount="0"/>
        <line num="40" count="3" type="stmt"/>
        <line num="42" count="8" type="stmt"/>
        <line num="44" count="8" type="stmt"/>
        <line num="45" count="41" type="stmt"/>
        <line num="46" count="41" type="stmt"/>
        <line num="48" count="8" type="stmt"/>
        <line num="54" count="1" type="stmt"/>
        <line num="56" count="10" type="stmt"/>
        <line num="57" count="10" type="stmt"/>
        <line num="59" count="10" type="stmt"/>
        <line num="60" count="10" type="stmt"/>
        <line num="61" count="10" type="stmt"/>
        <line num="62" count="10" type="stmt"/>
        <line num="64" count="192" type="stmt"/>
        <line num="65" count="192" type="stmt"/>
        <line num="66" count="192" type="stmt"/>
        <line num="67" count="192" type="stmt"/>
        <line num="69" count="192" type="cond" truecount="2" falsecount="0"/>
        <line num="71" count="192" type="cond" truecount="3" falsecount="0"/>
        <line num="75" count="192" type="cond" truecount="2" falsecount="0"/>
        <line num="77" count="192" type="cond" truecount="4" falsecount="0"/>
        <line num="78" count="154" type="cond" truecount="2" falsecount="0"/>
        <line num="82" count="20" type="stmt"/>
        <line num="83" count="20" type="stmt"/>
        <line num="84" count="20" type="stmt"/>
        <line num="86" count="20" type="cond" truecount="1" falsecount="1"/>
        <line num="87" count="0" type="stmt"/>
        <line num="90" count="154" type="cond" truecount="4" falsecount="0"/>
        <line num="91" count="20" type="stmt"/>
        <line num="92" count="20" type="stmt"/>
        <line num="93" count="20" type="stmt"/>
        <line num="94" count="20" type="stmt"/>
        <line num="97" count="134" type="cond" truecount="4" falsecount="0"/>
        <line num="98" count="114" type="stmt"/>
        <line num="99" count="114" type="stmt"/>
        <line num="102" count="10" type="stmt"/>
        <line num="108" count="1" type="cond" truecount="0" falsecount="1"/>
        <line num="109" count="10" type="stmt"/>
        <line num="111" count="20" type="stmt"/>
      </file>
      <file name="range.ts" path="/home/tclain/perso/jerry/subje-1/src/range.ts">
        <metrics statements="10" coveredstatements="10" conditionals="5" coveredconditionals="5" methods="5" coveredmethods="5"/>
        <line num="9" count="2" type="stmt"/>
        <line num="10" count="14" type="stmt"/>
        <line num="16" count="24" type="stmt"/>
        <line num="20" count="2" type="stmt"/>
        <line num="21" count="3" type="stmt"/>
        <line num="22" count="3" type="cond" truecount="2" falsecount="0"/>
        <line num="29" count="2" type="stmt"/>
        <line num="30" count="12" type="stmt"/>
        <line num="34" count="2" type="stmt"/>
        <line num="35" count="1" type="stmt"/>
      </file>
    </metrics>
  </project>
</coverage>
