<?xml version="1.0" encoding="UTF-8"?>
<coverage generated="1547780449769" clover="3.2.0">
  <project timestamp="1547780449769" name="All files">
    <metrics statements="188" coveredstatements="152" conditionals="107" coveredconditionals="68" methods="40" coveredmethods="32" elements="335" coveredelements="252" complexity="0" loc="188" ncloc="188" packages="2" files="6" classes="6">
      <package name="src">
        <metrics statements="65" coveredstatements="64" conditionals="47" coveredconditionals="44" methods="12" coveredmethods="12"/>
        <file name="index.ts" path="/home/tclain/perso/jerry/subje-1/src/index.ts">
          <metrics statements="55" coveredstatements="54" conditionals="42" coveredconditionals="39" methods="7" coveredmethods="7"/>
          <line num="1" count="1" type="stmt"/>
          <line num="8" count="1" type="stmt"/>
          <line num="10" count="1" type="cond" truecount="1" falsecount="0"/>
          <line num="11" count="1" type="cond" truecount="1" falsecount="0"/>
          <line num="12" count="1" type="cond" truecount="1" falsecount="0"/>
          <line num="18" count="1" type="stmt"/>
          <line num="19" count="6" type="stmt"/>
          <line num="26" count="1" type="stmt"/>
          <line num="27" count="4" type="stmt"/>
          <line num="30" count="1" type="stmt"/>
          <line num="32" count="10" type="cond" truecount="1" falsecount="1"/>
          <line num="33" count="10" type="cond" truecount="2" falsecount="0"/>
          <line num="34" count="8" type="stmt"/>
          <line num="36" count="8" type="cond" truecount="4" falsecount="0"/>
          <line num="37" count="1" type="stmt"/>
          <line num="39" count="8" type="cond" truecount="4" falsecount="0"/>
          <line num="40" count="3" type="stmt"/>
          <line num="42" count="8" type="stmt"/>
          <line num="44" count="8" type="stmt"/>
          <line num="45" count="41" type="stmt"/>
          <line num="46" count="41" type="stmt"/>
          <line num="48" count="8" type="stmt"/>
          <line num="54" count="1" type="stmt"/>
          <line num="56" count="10" type="stmt"/>
          <line num="57" count="10" type="stmt"/>
          <line num="59" count="10" type="stmt"/>
          <line num="60" count="10" type="stmt"/>
          <line num="61" count="10" type="stmt"/>
          <line num="62" count="10" type="stmt"/>
          <line num="64" count="192" type="stmt"/>
          <line num="65" count="192" type="stmt"/>
          <line num="66" count="192" type="stmt"/>
          <line num="67" count="192" type="stmt"/>
          <line num="69" count="192" type="cond" truecount="2" falsecount="0"/>
          <line num="71" count="192" type="cond" truecount="3" falsecount="0"/>
          <line num="75" count="192" type="cond" truecount="2" falsecount="0"/>
          <line num="77" count="192" type="cond" truecount="4" falsecount="0"/>
          <line num="78" count="154" type="cond" truecount="2" falsecount="0"/>
          <line num="82" count="20" type="stmt"/>
          <line num="83" count="20" type="stmt"/>
          <line num="84" count="20" type="stmt"/>
          <line num="86" count="20" type="cond" truecount="1" falsecount="1"/>
          <line num="87" count="0" type="stmt"/>
          <line num="90" count="154" type="cond" truecount="4" falsecount="0"/>
          <line num="91" count="20" type="stmt"/>
          <line num="92" count="20" type="stmt"/>
          <line num="93" count="20" type="stmt"/>
          <line num="94" count="20" type="stmt"/>
          <line num="97" count="134" type="cond" truecount="4" falsecount="0"/>
          <line num="98" count="114" type="stmt"/>
          <line num="99" count="114" type="stmt"/>
          <line num="102" count="10" type="stmt"/>
          <line num="108" count="1" type="cond" truecount="0" falsecount="1"/>
          <line num="109" count="10" type="stmt"/>
          <line num="111" count="20" type="stmt"/>
        </file>
        <file name="range.ts" path="/home/tclain/perso/jerry/subje-1/src/range.ts">
          <metrics statements="10" coveredstatements="10" conditionals="5" coveredconditionals="5" methods="5" coveredmethods="5"/>
          <line num="9" count="2" type="stmt"/>
          <line num="10" count="14" type="stmt"/>
          <line num="16" count="24" type="stmt"/>
          <line num="20" count="2" type="stmt"/>
          <line num="21" count="3" type="stmt"/>
          <line num="22" count="3" type="cond" truecount="2" falsecount="0"/>
          <line num="29" count="2" type="stmt"/>
          <line num="30" count="12" type="stmt"/>
          <line num="34" count="2" type="stmt"/>
          <line num="35" count="1" type="stmt"/>
        </file>
      </package>
      <package name="src.linked">
        <metrics statements="123" coveredstatements="88" conditionals="60" coveredconditionals="24" methods="28" coveredmethods="20"/>
        <file name="base.ts" path="/home/tclain/perso/jerry/subje-1/src/linked/base.ts">
          <metrics statements="19" coveredstatements="18" conditionals="12" coveredconditionals="7" methods="6" coveredmethods="5"/>
          <line num="2" count="1" type="stmt"/>
          <line num="4" count="2" type="stmt"/>
          <line num="5" count="2" type="stmt"/>
          <line num="12" count="2" type="stmt"/>
          <line num="13" count="2" type="stmt"/>
          <line num="14" count="2" type="stmt"/>
          <line num="17" count="2" type="stmt"/>
          <line num="18" count="1" type="cond" truecount="1" falsecount="1"/>
          <line num="19" count="1" type="cond" truecount="1" falsecount="1"/>
          <line num="20" count="1" type="cond" truecount="1" falsecount="1"/>
          <line num="22" count="2" type="stmt"/>
          <line num="23" count="1" type="stmt"/>
          <line num="24" count="1" type="stmt"/>
          <line num="26" count="2" type="stmt"/>
          <line num="27" count="0" type="cond" truecount="0" falsecount="2"/>
          <line num="29" count="2" type="stmt"/>
          <line num="30" count="1" type="stmt"/>
          <line num="32" count="2" type="stmt"/>
          <line num="33" count="3" type="cond" truecount="2" falsecount="0"/>
        </file>
        <file name="index.ts" path="/home/tclain/perso/jerry/subje-1/src/linked/index.ts">
          <metrics statements="21" coveredstatements="20" conditionals="9" coveredconditionals="5" methods="5" coveredmethods="4"/>
          <line num="2" count="1" type="stmt"/>
          <line num="3" count="1" type="stmt"/>
          <line num="5" count="1" type="stmt"/>
          <line num="8" count="1" type="stmt"/>
          <line num="19" count="1" type="stmt"/>
          <line num="20" count="1" type="stmt"/>
          <line num="27" count="1" type="stmt"/>
          <line num="28" count="0" type="stmt"/>
          <line num="31" count="1" type="stmt"/>
          <line num="32" count="1" type="stmt"/>
          <line num="33" count="1" type="cond" truecount="1" falsecount="1"/>
          <line num="35" count="1" type="stmt"/>
          <line num="37" count="1" type="cond" truecount="1" falsecount="1"/>
          <line num="39" count="1" type="stmt"/>
          <line num="40" count="1" type="stmt"/>
          <line num="43" count="1" type="cond" truecount="1" falsecount="1"/>
          <line num="44" count="1" type="stmt"/>
          <line num="46" count="1" type="stmt"/>
          <line num="47" count="1" type="stmt"/>
          <line num="50" count="1" type="cond" truecount="0" falsecount="1"/>
          <line num="51" count="1" type="stmt"/>
        </file>
        <file name="rangeChain.ts" path="/home/tclain/perso/jerry/subje-1/src/linked/rangeChain.ts">
          <metrics statements="62" coveredstatements="33" conditionals="27" coveredconditionals="8" methods="7" coveredmethods="5"/>
          <line num="1" count="1" type="stmt"/>
          <line num="3" count="1" type="stmt"/>
          <line num="11" count="1" type="stmt"/>
          <line num="12" count="2" type="stmt"/>
          <line num="13" count="0" type="stmt"/>
          <line num="18" count="2" type="stmt"/>
          <line num="19" count="3" type="stmt"/>
          <line num="21" count="2" type="stmt"/>
          <line num="22" count="1" type="stmt"/>
          <line num="23" count="1" type="stmt"/>
          <line num="24" count="1" type="stmt"/>
          <line num="25" count="1" type="stmt"/>
          <line num="26" count="2" type="stmt"/>
          <line num="27" count="2" type="cond" truecount="2" falsecount="0"/>
          <line num="28" count="2" type="stmt"/>
          <line num="29" count="2" type="stmt"/>
          <line num="30" count="2" type="stmt"/>
          <line num="32" count="1" type="stmt"/>
          <line num="34" count="2" type="cond" truecount="0" falsecount="1"/>
          <line num="35" count="1" type="stmt"/>
          <line num="38" count="2" type="stmt"/>
          <line num="39" count="1" type="stmt"/>
          <line num="40" count="1" type="stmt"/>
          <line num="41" count="1" type="stmt"/>
          <line num="43" count="1" type="cond" truecount="2" falsecount="0"/>
          <line num="44" count="1" type="cond" truecount="2" falsecount="0"/>
          <line num="45" count="1" type="stmt"/>
          <line num="46" count="1" type="stmt"/>
          <line num="47" count="1" type="stmt"/>
          <line num="49" count="1" type="cond" truecount="1" falsecount="1"/>
          <line num="50" count="0" type="stmt"/>
          <line num="51" count="0" type="stmt"/>
          <line num="53" count="1" type="cond" truecount="1" falsecount="1"/>
          <line num="54" count="1" type="stmt"/>
          <line num="55" count="1" type="stmt"/>
          <line num="57" count="0" type="cond" truecount="0" falsecount="2"/>
          <line num="58" count="0" type="stmt"/>
          <line num="59" count="0" type="stmt"/>
          <line num="62" count="0" type="cond" truecount="0" falsecount="4"/>
          <line num="63" count="0" type="stmt"/>
          <line num="67" count="0" type="stmt"/>
          <line num="71" count="2" type="stmt"/>
          <line num="72" count="0" type="stmt"/>
          <line num="73" count="0" type="stmt"/>
          <line num="74" count="0" type="stmt"/>
          <line num="75" count="0" type="stmt"/>
          <line num="76" count="0" type="stmt"/>
          <line num="77" count="0" type="stmt"/>
          <line num="78" count="0" type="cond" truecount="0" falsecount="2"/>
          <line num="80" count="0" type="cond" truecount="0" falsecount="2"/>
          <line num="81" count="0" type="stmt"/>
          <line num="82" count="0" type="stmt"/>
          <line num="83" count="0" type="stmt"/>
          <line num="85" count="0" type="cond" truecount="0" falsecount="2"/>
          <line num="86" count="0" type="stmt"/>
          <line num="87" count="0" type="stmt"/>
          <line num="88" count="0" type="stmt"/>
          <line num="90" count="0" type="cond" truecount="0" falsecount="2"/>
          <line num="91" count="0" type="stmt"/>
          <line num="92" count="0" type="stmt"/>
          <line num="93" count="0" type="stmt"/>
          <line num="95" count="0" type="stmt"/>
        </file>
        <file name="utils.ts" path="/home/tclain/perso/jerry/subje-1/src/linked/utils.ts">
          <metrics statements="21" coveredstatements="17" conditionals="12" coveredconditionals="4" methods="10" coveredmethods="6"/>
          <line num="6" count="1" type="stmt"/>
          <line num="7" count="0" type="cond" truecount="0" falsecount="2"/>
          <line num="10" count="1" type="stmt"/>
          <line num="11" count="1" type="cond" truecount="1" falsecount="1"/>
          <line num="12" count="1" type="stmt"/>
          <line num="18" count="1" type="stmt"/>
          <line num="19" count="1" type="stmt"/>
          <line num="22" count="1" type="stmt"/>
          <line num="23" count="1" type="stmt"/>
          <line num="25" count="1" type="stmt"/>
          <line num="26" count="1" type="stmt"/>
          <line num="29" count="1" type="stmt"/>
          <line num="30" count="0" type="stmt"/>
          <line num="33" count="1" type="stmt"/>
          <line num="34" count="1" type="stmt"/>
          <line num="40" count="1" type="stmt"/>
          <line num="41" count="0" type="stmt"/>
          <line num="47" count="1" type="stmt"/>
          <line num="48" count="0" type="stmt"/>
          <line num="54" count="1" type="stmt"/>
          <line num="55" count="1" type="stmt"/>
        </file>
      </package>
    </metrics>
  </project>
</coverage>
