{"/home/tclain/perso/jerry/subje-1/src/index.ts": {"path":"/home/tclain/perso/jerry/subje-1/src/index.ts","statementMap":{"0":{"start":{"line":1,"column":0},"end":{"line":1,"column":66}},"1":{"start":{"line":10,"column":11},"end":{"line":10,"column":41}},"2":{"start":{"line":11,"column":11},"end":{"line":11,"column":37}},"3":{"start":{"line":12,"column":11},"end":{"line":12,"column":36}},"4":{"start":{"line":18,"column":2},"end":{"line":20,"column":4}},"5":{"start":{"line":19,"column":4},"end":{"line":19,"column":35}},"6":{"start":{"line":26,"column":2},"end":{"line":28,"column":4}},"7":{"start":{"line":27,"column":4},"end":{"line":27,"column":38}},"8":{"start":{"line":30,"column":2},"end":{"line":49,"column":4}},"9":{"start":{"line":32,"column":4},"end":{"line":32,"column":69}},"10":{"start":{"line":32,"column":25},"end":{"line":32,"column":69}},"11":{"start":{"line":33,"column":4},"end":{"line":33,"column":43}},"12":{"start":{"line":33,"column":36},"end":{"line":33,"column":43}},"13":{"start":{"line":34,"column":39},"end":{"line":34,"column":44}},"14":{"start":{"line":36,"column":4},"end":{"line":37,"column":40}},"15":{"start":{"line":37,"column":6},"end":{"line":37,"column":40}},"16":{"start":{"line":39,"column":4},"end":{"line":40,"column":39}},"17":{"start":{"line":40,"column":6},"end":{"line":40,"column":39}},"18":{"start":{"line":42,"column":16},"end":{"line":42,"column":27}},"19":{"start":{"line":44,"column":4},"end":{"line":47,"column":5}},"20":{"start":{"line":45,"column":6},"end":{"line":45,"column":52}},"21":{"start":{"line":46,"column":6},"end":{"line":46,"column":14}},"22":{"start":{"line":48,"column":4},"end":{"line":48,"column":49}},"23":{"start":{"line":54,"column":2},"end":{"line":103,"column":4}},"24":{"start":{"line":56,"column":34},"end":{"line":56,"column":36}},"25":{"start":{"line":57,"column":16},"end":{"line":57,"column":35}},"26":{"start":{"line":59,"column":21},"end":{"line":59,"column":30}},"27":{"start":{"line":60,"column":27},"end":{"line":60,"column":28}},"28":{"start":{"line":61,"column":24},"end":{"line":61,"column":26}},"29":{"start":{"line":62,"column":4},"end":{"line":101,"column":5}},"30":{"start":{"line":64,"column":24},"end":{"line":64,"column":33}},"31":{"start":{"line":65,"column":31},"end":{"line":65,"column":55}},"32":{"start":{"line":66,"column":29},"end":{"line":66,"column":46}},"33":{"start":{"line":67,"column":36},"end":{"line":67,"column":73}},"34":{"start":{"line":69,"column":8},"end":{"line":69,"column":79}},"35":{"start":{"line":71,"column":8},"end":{"line":73,"column":42}},"36":{"start":{"line":75,"column":8},"end":{"line":75,"column":69}},"37":{"start":{"line":77,"column":6},"end":{"line":77,"column":69}},"38":{"start":{"line":77,"column":60},"end":{"line":77,"column":69}},"39":{"start":{"line":78,"column":6},"end":{"line":89,"column":7}},"40":{"start":{"line":82,"column":8},"end":{"line":82,"column":49}},"41":{"start":{"line":83,"column":8},"end":{"line":83,"column":50}},"42":{"start":{"line":84,"column":8},"end":{"line":84,"column":27}},"43":{"start":{"line":86,"column":8},"end":{"line":88,"column":9}},"44":{"start":{"line":87,"column":10},"end":{"line":87,"column":40}},"45":{"start":{"line":90,"column":6},"end":{"line":95,"column":7}},"46":{"start":{"line":91,"column":8},"end":{"line":91,"column":38}},"47":{"start":{"line":92,"column":8},"end":{"line":92,"column":31}},"48":{"start":{"line":93,"column":8},"end":{"line":93,"column":37}},"49":{"start":{"line":94,"column":8},"end":{"line":94,"column":17}},"50":{"start":{"line":97,"column":6},"end":{"line":100,"column":7}},"51":{"start":{"line":98,"column":8},"end":{"line":98,"column":37}},"52":{"start":{"line":99,"column":8},"end":{"line":99,"column":17}},"53":{"start":{"line":102,"column":4},"end":{"line":102,"column":18}},"54":{"start":{"line":108,"column":2},"end":{"line":114,"column":4}},"55":{"start":{"line":109,"column":4},"end":{"line":113,"column":6}},"56":{"start":{"line":111,"column":33},"end":{"line":111,"column":55}},"57":{"start":{"line":8,"column":0},"end":{"line":115,"column":1}}},"fnMap":{"0":{"name":"(anonymous_0)","decl":{"start":{"line":9,"column":2},"end":{"line":10,"column":10}},"loc":{"start":{"line":12,"column":36},"end":{"line":13,"column":6}}},"1":{"name":"(anonymous_1)","decl":{"start":{"line":18,"column":8},"end":{"line":18,"column":9}},"loc":{"start":{"line":18,"column":31},"end":{"line":20,"column":3}}},"2":{"name":"(anonymous_2)","decl":{"start":{"line":26,"column":11},"end":{"line":26,"column":12}},"loc":{"start":{"line":26,"column":34},"end":{"line":28,"column":3}}},"3":{"name":"(anonymous_3)","decl":{"start":{"line":30,"column":9},"end":{"line":30,"column":10}},"loc":{"start":{"line":30,"column":61},"end":{"line":49,"column":3}}},"4":{"name":"(anonymous_4)","decl":{"start":{"line":54,"column":17},"end":{"line":54,"column":34}},"loc":{"start":{"line":54,"column":37},"end":{"line":103,"column":3}}},"5":{"name":"(anonymous_5)","decl":{"start":{"line":108,"column":10},"end":{"line":108,"column":11}},"loc":{"start":{"line":108,"column":35},"end":{"line":114,"column":3}}},"6":{"name":"(anonymous_6)","decl":{"start":{"line":111,"column":13},"end":{"line":111,"column":14}},"loc":{"start":{"line":111,"column":33},"end":{"line":111,"column":55}}}},"branchMap":{"0":{"loc":{"start":{"line":10,"column":32},"end":{"line":10,"column":41}},"type":"default-arg","locations":[{"start":{"line":10,"column":32},"end":{"line":10,"column":41}}]},"1":{"loc":{"start":{"line":11,"column":28},"end":{"line":11,"column":37}},"type":"default-arg","locations":[{"start":{"line":11,"column":28},"end":{"line":11,"column":37}}]},"2":{"loc":{"start":{"line":12,"column":27},"end":{"line":12,"column":36}},"type":"default-arg","locations":[{"start":{"line":12,"column":27},"end":{"line":12,"column":36}}]},"3":{"loc":{"start":{"line":32,"column":4},"end":{"line":32,"column":69}},"type":"if","locations":[{"start":{"line":32,"column":4},"end":{"line":32,"column":69}},{"start":{"line":32,"column":4},"end":{"line":32,"column":69}}]},"4":{"loc":{"start":{"line":33,"column":4},"end":{"line":33,"column":43}},"type":"if","locations":[{"start":{"line":33,"column":4},"end":{"line":33,"column":43}},{"start":{"line":33,"column":4},"end":{"line":33,"column":43}}]},"5":{"loc":{"start":{"line":36,"column":4},"end":{"line":37,"column":40}},"type":"if","locations":[{"start":{"line":36,"column":4},"end":{"line":37,"column":40}},{"start":{"line":36,"column":4},"end":{"line":37,"column":40}}]},"6":{"loc":{"start":{"line":36,"column":8},"end":{"line":36,"column":41}},"type":"binary-expr","locations":[{"start":{"line":36,"column":8},"end":{"line":36,"column":41}},{"start":{"line":36,"column":45},"end":{"line":36,"column":78}}]},"7":{"loc":{"start":{"line":39,"column":4},"end":{"line":40,"column":39}},"type":"if","locations":[{"start":{"line":39,"column":4},"end":{"line":40,"column":39}},{"start":{"line":39,"column":4},"end":{"line":40,"column":39}}]},"8":{"loc":{"start":{"line":39,"column":8},"end":{"line":39,"column":40}},"type":"binary-expr","locations":[{"start":{"line":39,"column":8},"end":{"line":39,"column":40}},{"start":{"line":39,"column":44},"end":{"line":39,"column":76}}]},"9":{"loc":{"start":{"line":69,"column":8},"end":{"line":69,"column":37}},"type":"binary-expr","locations":[{"start":{"line":69,"column":8},"end":{"line":69,"column":37}},{"start":{"line":69,"column":41},"end":{"line":69,"column":79}}]},"10":{"loc":{"start":{"line":71,"column":8},"end":{"line":71,"column":29}},"type":"binary-expr","locations":[{"start":{"line":71,"column":8},"end":{"line":71,"column":29}},{"start":{"line":72,"column":8},"end":{"line":72,"column":24}},{"start":{"line":73,"column":8},"end":{"line":73,"column":42}}]},"11":{"loc":{"start":{"line":75,"column":8},"end":{"line":75,"column":29}},"type":"binary-expr","locations":[{"start":{"line":75,"column":8},"end":{"line":75,"column":29}},{"start":{"line":75,"column":33},"end":{"line":75,"column":69}}]},"12":{"loc":{"start":{"line":77,"column":6},"end":{"line":77,"column":69}},"type":"if","locations":[{"start":{"line":77,"column":6},"end":{"line":77,"column":69}},{"start":{"line":77,"column":6},"end":{"line":77,"column":69}}]},"13":{"loc":{"start":{"line":77,"column":10},"end":{"line":77,"column":24}},"type":"binary-expr","locations":[{"start":{"line":77,"column":10},"end":{"line":77,"column":24}},{"start":{"line":77,"column":28},"end":{"line":77,"column":58}}]},"14":{"loc":{"start":{"line":78,"column":6},"end":{"line":89,"column":7}},"type":"if","locations":[{"start":{"line":78,"column":6},"end":{"line":89,"column":7}},{"start":{"line":78,"column":6},"end":{"line":89,"column":7}}]},"15":{"loc":{"start":{"line":79,"column":8},"end":{"line":79,"column":24}},"type":"binary-expr","locations":[{"start":{"line":79,"column":8},"end":{"line":79,"column":24}},{"start":{"line":80,"column":9},"end":{"line":80,"column":39}},{"start":{"line":80,"column":43},"end":{"line":80,"column":79}}]},"16":{"loc":{"start":{"line":86,"column":8},"end":{"line":88,"column":9}},"type":"if","locations":[{"start":{"line":86,"column":8},"end":{"line":88,"column":9}},{"start":{"line":86,"column":8},"end":{"line":88,"column":9}}]},"17":{"loc":{"start":{"line":90,"column":6},"end":{"line":95,"column":7}},"type":"if","locations":[{"start":{"line":90,"column":6},"end":{"line":95,"column":7}},{"start":{"line":90,"column":6},"end":{"line":95,"column":7}}]},"18":{"loc":{"start":{"line":90,"column":10},"end":{"line":90,"column":24}},"type":"binary-expr","locations":[{"start":{"line":90,"column":10},"end":{"line":90,"column":24}},{"start":{"line":90,"column":28},"end":{"line":90,"column":49}}]},"19":{"loc":{"start":{"line":97,"column":6},"end":{"line":100,"column":7}},"type":"if","locations":[{"start":{"line":97,"column":6},"end":{"line":100,"column":7}},{"start":{"line":97,"column":6},"end":{"line":100,"column":7}}]},"20":{"loc":{"start":{"line":97,"column":10},"end":{"line":97,"column":31}},"type":"binary-expr","locations":[{"start":{"line":97,"column":10},"end":{"line":97,"column":31}},{"start":{"line":97,"column":35},"end":{"line":97,"column":70}}]},"21":{"loc":{"start":{"line":108,"column":20},"end":{"line":108,"column":31}},"type":"default-arg","locations":[{"start":{"line":108,"column":20},"end":{"line":108,"column":31}}]}},"s":{"0":1,"1":1,"2":1,"3":1,"4":1,"5":6,"6":1,"7":4,"8":1,"9":10,"10":0,"11":10,"12":2,"13":8,"14":8,"15":1,"16":8,"17":3,"18":8,"19":8,"20":41,"21":41,"22":8,"23":1,"24":10,"25":10,"26":10,"27":10,"28":10,"29":10,"30":192,"31":192,"32":192,"33":192,"34":192,"35":192,"36":192,"37":192,"38":38,"39":154,"40":20,"41":20,"42":20,"43":20,"44":0,"45":154,"46":20,"47":20,"48":20,"49":20,"50":134,"51":114,"52":114,"53":10,"54":1,"55":10,"56":20,"57":1},"f":{"0":1,"1":6,"2":4,"3":10,"4":10,"5":10,"6":20},"b":{"0":[1],"1":[1],"2":[1],"3":[0,10],"4":[2,8],"5":[1,7],"6":[8,7],"7":[3,5],"8":[8,7],"9":[192,168],"10":[192,134,114],"11":[192,134],"12":[38,154],"13":[192,58],"14":[20,134],"15":[154,134,114],"16":[0,20],"17":[20,134],"18":[154,20],"19":[114,20],"20":[134,114],"21":[0]}}
,"/home/tclain/perso/jerry/subje-1/src/range.ts": {"path":"/home/tclain/perso/jerry/subje-1/src/range.ts","statementMap":{"0":{"start":{"line":9,"column":13},"end":{"line":18,"column":2}},"1":{"start":{"line":10,"column":2},"end":{"line":17,"column":4}},"2":{"start":{"line":16,"column":47},"end":{"line":16,"column":62}},"3":{"start":{"line":20,"column":13},"end":{"line":23,"column":2}},"4":{"start":{"line":21,"column":24},"end":{"line":21,"column":29}},"5":{"start":{"line":22,"column":2},"end":{"line":22,"column":46}},"6":{"start":{"line":29,"column":13},"end":{"line":31,"column":2}},"7":{"start":{"line":30,"column":2},"end":{"line":30,"column":25}},"8":{"start":{"line":34,"column":13},"end":{"line":35,"column":31}},"9":{"start":{"line":35,"column":2},"end":{"line":35,"column":30}}},"fnMap":{"0":{"name":"(anonymous_0)","decl":{"start":{"line":9,"column":23},"end":{"line":9,"column":24}},"loc":{"start":{"line":9,"column":68},"end":{"line":18,"column":1}}},"1":{"name":"(anonymous_1)","decl":{"start":{"line":16,"column":36},"end":{"line":16,"column":42}},"loc":{"start":{"line":16,"column":47},"end":{"line":16,"column":62}}},"2":{"name":"(anonymous_2)","decl":{"start":{"line":20,"column":30},"end":{"line":20,"column":31}},"loc":{"start":{"line":20,"column":66},"end":{"line":23,"column":1}}},"3":{"name":"(anonymous_3)","decl":{"start":{"line":29,"column":34},"end":{"line":29,"column":35}},"loc":{"start":{"line":29,"column":75},"end":{"line":31,"column":1}}},"4":{"name":"(anonymous_4)","decl":{"start":{"line":34,"column":29},"end":{"line":34,"column":30}},"loc":{"start":{"line":35,"column":2},"end":{"line":35,"column":30}}}},"branchMap":{"0":{"loc":{"start":{"line":12,"column":4},"end":{"line":12,"column":31}},"type":"binary-expr","locations":[{"start":{"line":12,"column":4},"end":{"line":12,"column":31}},{"start":{"line":14,"column":4},"end":{"line":14,"column":26}},{"start":{"line":16,"column":5},"end":{"line":16,"column":63}}]},"1":{"loc":{"start":{"line":22,"column":24},"end":{"line":22,"column":29}},"type":"cond-expr","locations":[{"start":{"line":22,"column":24},"end":{"line":22,"column":29}},{"start":{"line":22,"column":32},"end":{"line":22,"column":45}}]}},"s":{"0":2,"1":14,"2":24,"3":2,"4":3,"5":3,"6":2,"7":12,"8":2,"9":1},"f":{"0":14,"1":24,"2":3,"3":12,"4":1},"b":{"0":[14,13,12],"1":[2,1]}}
}
