TN:
SF:/home/tclain/perso/jerry/subje-1/src/index.ts
FN:9,(anonymous_0)
FN:18,(anonymous_1)
FN:26,(anonymous_2)
FN:30,(anonymous_3)
FN:54,(anonymous_4)
FN:108,(anonymous_5)
FN:111,(anonymous_6)
FNF:7
FNH:7
FNDA:1,(anonymous_0)
FNDA:6,(anonymous_1)
FNDA:4,(anonymous_2)
FNDA:10,(anonymous_3)
FNDA:10,(anonymous_4)
FNDA:10,(anonymous_5)
FNDA:20,(anonymous_6)
DA:1,1
DA:8,1
DA:10,1
DA:11,1
DA:12,1
DA:18,1
DA:19,6
DA:26,1
DA:27,4
DA:30,1
DA:32,10
DA:33,10
DA:34,8
DA:36,8
DA:37,1
DA:39,8
DA:40,3
DA:42,8
DA:44,8
DA:45,41
DA:46,41
DA:48,8
DA:54,1
DA:56,10
DA:57,10
DA:59,10
DA:60,10
DA:61,10
DA:62,10
DA:64,192
DA:65,192
DA:66,192
DA:67,192
DA:69,192
DA:71,192
DA:75,192
DA:77,192
DA:78,154
DA:82,20
DA:83,20
DA:84,20
DA:86,20
DA:87,0
DA:90,154
DA:91,20
DA:92,20
DA:93,20
DA:94,20
DA:97,134
DA:98,114
DA:99,114
DA:102,10
DA:108,1
DA:109,10
DA:111,20
LF:55
LH:54
BRDA:10,0,0,1
BRDA:11,1,0,1
BRDA:12,2,0,1
BRDA:32,3,0,0
BRDA:32,3,1,10
BRDA:33,4,0,2
BRDA:33,4,1,8
BRDA:36,5,0,1
BRDA:36,5,1,7
BRDA:36,6,0,8
BRDA:36,6,1,7
BRDA:39,7,0,3
BRDA:39,7,1,5
BRDA:39,8,0,8
BRDA:39,8,1,7
BRDA:69,9,0,192
BRDA:69,9,1,168
BRDA:71,10,0,192
BRDA:71,10,1,134
BRDA:71,10,2,114
BRDA:75,11,0,192
BRDA:75,11,1,134
BRDA:77,12,0,38
BRDA:77,12,1,154
BRDA:77,13,0,192
BRDA:77,13,1,58
BRDA:78,14,0,20
BRDA:78,14,1,134
BRDA:79,15,0,154
BRDA:79,15,1,134
BRDA:79,15,2,114
BRDA:86,16,0,0
BRDA:86,16,1,20
BRDA:90,17,0,20
BRDA:90,17,1,134
BRDA:90,18,0,154
BRDA:90,18,1,20
BRDA:97,19,0,114
BRDA:97,19,1,20
BRDA:97,20,0,134
BRDA:97,20,1,114
BRDA:108,21,0,0
BRF:42
BRH:39
end_of_record
TN:
SF:/home/tclain/perso/jerry/subje-1/src/range.ts
FN:9,(anonymous_0)
FN:16,(anonymous_1)
FN:20,(anonymous_2)
FN:29,(anonymous_3)
FN:34,(anonymous_4)
FNF:5
FNH:5
FNDA:14,(anonymous_0)
FNDA:24,(anonymous_1)
FNDA:3,(anonymous_2)
FNDA:12,(anonymous_3)
FNDA:1,(anonymous_4)
DA:9,2
DA:10,14
DA:16,24
DA:20,2
DA:21,3
DA:22,3
DA:29,2
DA:30,12
DA:34,2
DA:35,1
LF:10
LH:10
BRDA:12,0,0,14
BRDA:12,0,1,13
BRDA:12,0,2,12
BRDA:22,1,0,2
BRDA:22,1,1,1
BRF:5
BRH:5
end_of_record
TN:
SF:/home/tclain/perso/jerry/subje-1/src/linked/base.ts
FN:7,(anonymous_0)
FN:17,(anonymous_1)
FN:22,(anonymous_2)
FN:26,(anonymous_3)
FN:29,(anonymous_4)
FN:32,(anonymous_5)
FNF:6
FNH:5
FNDA:2,(anonymous_0)
FNDA:1,(anonymous_1)
FNDA:1,(anonymous_2)
FNDA:0,(anonymous_3)
FNDA:1,(anonymous_4)
FNDA:3,(anonymous_5)
DA:2,1
DA:4,2
DA:5,2
DA:12,2
DA:13,2
DA:14,2
DA:17,2
DA:18,1
DA:19,1
DA:20,1
DA:22,2
DA:23,1
DA:24,1
DA:26,2
DA:27,0
DA:29,2
DA:30,1
DA:32,2
DA:33,3
LF:19
LH:18
BRDA:9,0,0,2
BRDA:10,1,0,2
BRDA:18,2,0,1
BRDA:18,2,1,0
BRDA:19,3,0,0
BRDA:19,3,1,1
BRDA:20,4,0,0
BRDA:20,4,1,1
BRDA:27,5,0,0
BRDA:27,5,1,0
BRDA:33,6,0,3
BRDA:33,6,1,3
BRF:12
BRH:7
end_of_record
TN:
SF:/home/tclain/perso/jerry/subje-1/src/linked/index.ts
FN:7,(anonymous_0)
FN:19,(anonymous_1)
FN:27,(anonymous_2)
FN:31,(anonymous_3)
FN:50,(anonymous_4)
FNF:5
FNH:4
FNDA:1,(anonymous_0)
FNDA:1,(anonymous_1)
FNDA:0,(anonymous_2)
FNDA:1,(anonymous_3)
FNDA:1,(anonymous_4)
DA:2,1
DA:3,1
DA:5,1
DA:8,1
DA:19,1
DA:20,1
DA:27,1
DA:28,0
DA:31,1
DA:32,1
DA:33,1
DA:35,1
DA:37,1
DA:39,1
DA:40,1
DA:43,1
DA:44,1
DA:46,1
DA:47,1
DA:50,1
DA:51,1
LF:21
LH:20
BRDA:33,0,0,0
BRDA:33,0,1,1
BRDA:37,1,0,1
BRDA:37,1,1,0
BRDA:43,2,0,1
BRDA:43,2,1,0
BRDA:50,3,0,0
BRDA:9,4,0,1
BRDA:9,4,1,1
BRF:9
BRH:5
end_of_record
TN:
SF:/home/tclain/perso/jerry/subje-1/src/linked/rangeChain.ts
FN:11,(anonymous_0)
FN:12,(anonymous_1)
FN:18,(anonymous_2)
FN:21,(anonymous_3)
FN:34,(anonymous_4)
FN:38,(anonymous_5)
FN:71,(anonymous_6)
FNF:7
FNH:5
FNDA:2,(anonymous_0)
FNDA:0,(anonymous_1)
FNDA:3,(anonymous_2)
FNDA:1,(anonymous_3)
FNDA:1,(anonymous_4)
FNDA:1,(anonymous_5)
FNDA:0,(anonymous_6)
DA:1,1
DA:3,1
DA:11,1
DA:12,2
DA:13,0
DA:18,2
DA:19,3
DA:21,2
DA:22,1
DA:23,1
DA:24,1
DA:25,1
DA:26,2
DA:27,2
DA:28,2
DA:29,2
DA:30,2
DA:32,1
DA:34,2
DA:35,1
DA:38,2
DA:39,1
DA:40,1
DA:41,1
DA:43,1
DA:44,1
DA:45,1
DA:46,1
DA:47,1
DA:49,1
DA:50,0
DA:51,0
DA:53,1
DA:54,1
DA:55,1
DA:57,0
DA:58,0
DA:59,0
DA:62,0
DA:63,0
DA:67,0
DA:71,2
DA:72,0
DA:73,0
DA:74,0
DA:75,0
DA:76,0
DA:77,0
DA:78,0
DA:80,0
DA:81,0
DA:82,0
DA:83,0
DA:85,0
DA:86,0
DA:87,0
DA:88,0
DA:90,0
DA:91,0
DA:92,0
DA:93,0
DA:95,0
LF:62
LH:33
BRDA:14,0,0,0
BRDA:14,0,1,0
BRDA:27,1,0,1
BRDA:27,1,1,1
BRDA:34,2,0,0
BRDA:43,3,0,1
BRDA:43,3,1,1
BRDA:44,4,0,1
BRDA:44,4,1,1
BRDA:49,5,0,0
BRDA:49,5,1,1
BRDA:53,6,0,1
BRDA:53,6,1,0
BRDA:57,7,0,0
BRDA:57,7,1,0
BRDA:62,8,0,0
BRDA:62,8,1,0
BRDA:62,9,0,0
BRDA:62,9,1,0
BRDA:78,10,0,0
BRDA:78,10,1,0
BRDA:80,11,0,0
BRDA:80,11,1,0
BRDA:85,12,0,0
BRDA:85,12,1,0
BRDA:90,13,0,0
BRDA:90,13,1,0
BRF:27
BRH:8
end_of_record
TN:
SF:/home/tclain/perso/jerry/subje-1/src/linked/utils.ts
FN:6,toRange
FN:10,toChain
FN:18,rangeIsNotSignificant
FN:22,(anonymous_3)
FN:25,(anonymous_4)
FN:29,(anonymous_5)
FN:33,(anonymous_6)
FN:40,(anonymous_7)
FN:47,(anonymous_8)
FN:54,(anonymous_9)
FNF:10
FNH:6
FNDA:0,toRange
FNDA:1,toChain
FNDA:1,rangeIsNotSignificant
FNDA:1,(anonymous_3)
FNDA:1,(anonymous_4)
FNDA:0,(anonymous_5)
FNDA:1,(anonymous_6)
FNDA:0,(anonymous_7)
FNDA:0,(anonymous_8)
FNDA:1,(anonymous_9)
DA:6,1
DA:7,0
DA:10,1
DA:11,1
DA:12,1
DA:18,1
DA:19,1
DA:22,1
DA:23,1
DA:25,1
DA:26,1
DA:29,1
DA:30,0
DA:33,1
DA:34,1
DA:40,1
DA:41,0
DA:47,1
DA:48,0
DA:54,1
DA:55,1
LF:21
LH:17
BRDA:7,0,0,0
BRDA:7,0,1,0
BRDA:11,1,0,0
BRDA:11,1,1,1
BRDA:35,2,0,1
BRDA:35,2,1,0
BRDA:42,3,0,0
BRDA:42,3,1,0
BRDA:49,4,0,0
BRDA:49,4,1,0
BRDA:56,5,0,1
BRDA:56,5,1,1
BRF:12
BRH:4
end_of_record
