TN:
SF:/home/tclain/perso/jerry/subje-1/src/index.ts
FN:9,(anonymous_0)
FN:18,(anonymous_1)
FN:26,(anonymous_2)
FN:30,(anonymous_3)
FN:54,(anonymous_4)
FN:108,(anonymous_5)
FN:111,(anonymous_6)
FNF:7
FNH:7
FNDA:1,(anonymous_0)
FNDA:6,(anonymous_1)
FNDA:4,(anonymous_2)
FNDA:10,(anonymous_3)
FNDA:10,(anonymous_4)
FNDA:10,(anonymous_5)
FNDA:20,(anonymous_6)
DA:1,1
DA:8,1
DA:10,1
DA:11,1
DA:12,1
DA:18,1
DA:19,6
DA:26,1
DA:27,4
DA:30,1
DA:32,10
DA:33,10
DA:34,8
DA:36,8
DA:37,1
DA:39,8
DA:40,3
DA:42,8
DA:44,8
DA:45,41
DA:46,41
DA:48,8
DA:54,1
DA:56,10
DA:57,10
DA:59,10
DA:60,10
DA:61,10
DA:62,10
DA:64,192
DA:65,192
DA:66,192
DA:67,192
DA:69,192
DA:71,192
DA:75,192
DA:77,192
DA:78,154
DA:82,20
DA:83,20
DA:84,20
DA:86,20
DA:87,0
DA:90,154
DA:91,20
DA:92,20
DA:93,20
DA:94,20
DA:97,134
DA:98,114
DA:99,114
DA:102,10
DA:108,1
DA:109,10
DA:111,20
LF:55
LH:54
BRDA:10,0,0,1
BRDA:11,1,0,1
BRDA:12,2,0,1
BRDA:32,3,0,0
BRDA:32,3,1,10
BRDA:33,4,0,2
BRDA:33,4,1,8
BRDA:36,5,0,1
BRDA:36,5,1,7
BRDA:36,6,0,8
BRDA:36,6,1,7
BRDA:39,7,0,3
BRDA:39,7,1,5
BRDA:39,8,0,8
BRDA:39,8,1,7
BRDA:69,9,0,192
BRDA:69,9,1,168
BRDA:71,10,0,192
BRDA:71,10,1,134
BRDA:71,10,2,114
BRDA:75,11,0,192
BRDA:75,11,1,134
BRDA:77,12,0,38
BRDA:77,12,1,154
BRDA:77,13,0,192
BRDA:77,13,1,58
BRDA:78,14,0,20
BRDA:78,14,1,134
BRDA:79,15,0,154
BRDA:79,15,1,134
BRDA:79,15,2,114
BRDA:86,16,0,0
BRDA:86,16,1,20
BRDA:90,17,0,20
BRDA:90,17,1,134
BRDA:90,18,0,154
BRDA:90,18,1,20
BRDA:97,19,0,114
BRDA:97,19,1,20
BRDA:97,20,0,134
BRDA:97,20,1,114
BRDA:108,21,0,0
BRF:42
BRH:39
end_of_record
TN:
SF:/home/tclain/perso/jerry/subje-1/src/range.ts
FN:9,(anonymous_0)
FN:16,(anonymous_1)
FN:20,(anonymous_2)
FN:29,(anonymous_3)
FN:34,(anonymous_4)
FNF:5
FNH:5
FNDA:14,(anonymous_0)
FNDA:24,(anonymous_1)
FNDA:3,(anonymous_2)
FNDA:12,(anonymous_3)
FNDA:1,(anonymous_4)
DA:9,2
DA:10,14
DA:16,24
DA:20,2
DA:21,3
DA:22,3
DA:29,2
DA:30,12
DA:34,2
DA:35,1
LF:10
LH:10
BRDA:12,0,0,14
BRDA:12,0,1,13
BRDA:12,0,2,12
BRDA:22,1,0,2
BRDA:22,1,1,1
BRF:5
BRH:5
end_of_record
